Removed Member From Class: ClassName=Sheet2 Member=C26
Removed Member From Class: ClassName=Sheet2 Member=R?
Change Component Designator: OldDesignator=battery NewDesignator=battery2
Change Component Designator: OldDesignator=battery? NewDesignator=battery1
Change Component Designator: OldDesignator=battery? NewDesignator=battery3
Change Component Designator: OldDesignator=C4 NewDesignator=C5
Change Component Designator: OldDesignator=C5 NewDesignator=C6
Change Component Designator: OldDesignator=C6 NewDesignator=C7
Change Component Designator: OldDesignator=C7 NewDesignator=C8
Change Component Designator: OldDesignator=C8 NewDesignator=C9
Change Component Designator: OldDesignator=C9 NewDesignator=C10
Change Component Designator: OldDesignator=C10 NewDesignator=C11
Change Component Designator: OldDesignator=C11 NewDesignator=C12
Change Component Designator: OldDesignator=C12 NewDesignator=C13
Change Component Designator: OldDesignator=C13 NewDesignator=C14
Change Component Designator: OldDesignator=C14 NewDesignator=C15
Change Component Designator: OldDesignator=C15 NewDesignator=C16
Change Component Designator: OldDesignator=C16 NewDesignator=C17
Change Component Designator: OldDesignator=C17 NewDesignator=C18
Change Component Designator: OldDesignator=C18 NewDesignator=C19
Change Component Designator: OldDesignator=C19 NewDesignator=C20
Change Component Designator: OldDesignator=C20 NewDesignator=C21
Change Component Designator: OldDesignator=C22 NewDesignator=C24
Change Component Designator: OldDesignator=C24 NewDesignator=C25
Change Component Designator: OldDesignator=C25 NewDesignator=C22
Change Component Designator: OldDesignator=C26 NewDesignator=C4
Change Component Designator: OldDesignator=cs1 NewDesignator=cs2
Change Component Designator: OldDesignator=cs2 NewDesignator=cs3
Change Component Designator: OldDesignator=cs3 NewDesignator=cs1
Change Component Designator: OldDesignator=D_BATT? NewDesignator=D_BATT1
Change Component Designator: OldDesignator=J2 NewDesignator=J4
Change Component Designator: OldDesignator=J3 NewDesignator=J5
Change Component Designator: OldDesignator=J4 NewDesignator=J6
Change Component Designator: OldDesignator=J5 NewDesignator=J7
Change Component Designator: OldDesignator=J6 NewDesignator=J2
Change Component Designator: OldDesignator=J7 NewDesignator=J3
Change Component Designator: OldDesignator=J NewDesignator=J1
Change Component Designator: OldDesignator=P? NewDesignator=P1
Change Component Designator: OldDesignator=P? NewDesignator=P3
Change Component Designator: OldDesignator=PROGRAM? NewDesignator=PROGRAM1
Change Component Designator: OldDesignator=R33 NewDesignator=R34
Change Component Designator: OldDesignator=R34 NewDesignator=R35
Change Component Designator: OldDesignator=R35 NewDesignator=R37
Change Component Designator: OldDesignator=R? NewDesignator=R6
Change Component Designator: OldDesignator=R? NewDesignator=R17
Change Component Designator: OldDesignator=R? NewDesignator=R33
Change Component Designator: OldDesignator=R? NewDesignator=R36
Change Component Designator: OldDesignator=R? NewDesignator=R38
Change Component Designator: OldDesignator=R? NewDesignator=R39
Change Component Designator: OldDesignator=Remot NewDesignator=Remot1
Change Component Designator: OldDesignator=S2 NewDesignator=S1
Change Net Name : Old Net Name=Netbattery?_2 New Net Name=Netbattery1_2
Change Net Name : Old Net Name=Netbattery?_2 New Net Name=Netbattery3_2
Change Net Name : Old Net Name=Netbattery_1 New Net Name=Netbattery2_1
Change Net Name : Old Net Name=NetC12_1 New Net Name=NetC13_1
Change Net Name : Old Net Name=NetC14_1 New Net Name=NetC15_1
Change Net Name : Old Net Name=NetC15_2 New Net Name=NetC16_2
Change Net Name : Old Net Name=NetC16_2 New Net Name=NetC17_2
Change Net Name : Old Net Name=NetC22_2 New Net Name=NetC24_2
Change Net Name : Old Net Name=NetC24_2 New Net Name=NetC25_2
Change Net Name : Old Net Name=NetD_BATT?_A New Net Name=NetD_BATT1_A
Change Net Name : Old Net Name=NetP?_2 New Net Name=NetP1_2
Change Net Name : Old Net Name=NetR33_1 New Net Name=NetR34_1
Added Pin To Net: NetName=NetP3_2 Pin=P3-2
Added Pin To Net: NetName=NetP3_2 Pin=R38-2
Added Net: Name=NetP3_2
Added Member To Class: ClassName=Sheet2 Member=Component battery1 Header 2
Added Member To Class: ClassName=Sheet2 Member=Component C21 100N
Added Member To Class: ClassName=Sheet2 Member=Component P1 Header 3
Added Member To Class: ClassName=Sheet2 Member=Component R6 1K
Added Member To Class: ClassName=Sheet2 Member=Component R17 1K
Added Member To Class: ClassName=Sheet2 Member=Component R36 1K
Added Member To Class: ClassName=Sheet2 Member=Component R37 4.7k
Added Member To Class: ClassName=Sheet2 Member=Component R38 1K
Added Member To Class: ClassName=Sheet2 Member=Component R39 1K
