Removed Pin From Net: NetName=NetR?_1 Pin=R?-1
Removed Pin From Net: NetName=TX Pin=U?-1
Removed Pin From Net: NetName=RX Pin=U?-2
Add Component: Footprint Not Found GCT_SIM5060-6-0-26-01-X_REVC
Add Component: Footprint Not Found XCVR_M08-R
Add Pin To Net: Unknown Pin: Pin J?-C1
Add Pin To Net: Unknown Pin: Pin J?-C2
Add Pin To Net: Unknown Pin: Pin J?-C3
Add Pin To Net: Unknown Pin: Pin J?-C5
Add Pin To Net: Unknown Pin: Pin J?-C7
Added Pin To Net: NetName=NetR?_1 Pin=R?-1
Added Pin To Net: NetName=NetR?_1 Pin=R?-2
Added Pin To Net: NetName=12v Pin=U?-1
Added Pin To Net: NetName=TX Pin=U?-1
Added Pin To Net: NetName=RX Pin=U?-2
Added Pin To Net: NetName=NetR?_1 Pin=U?-4
Add Pin To Net: Unknown Pin: Pin U?-7
Add Pin To Net: Unknown Pin: Pin U?-8
Add Pin To Net: Unknown Pin: Pin U?-13
Add Pin To Net: Unknown Pin: Pin U?-15
Add Pin To Net: Unknown Pin: Pin U?-16
Add Pin To Net: Unknown Pin: Pin U?-17
Add Pin To Net: Unknown Pin: Pin U?-18
Add Pin To Net: Unknown Pin: Pin U?-19
Add Pin To Net: Unknown Pin: Pin U?-21
Add Pin To Net: Unknown Pin: Pin U?-27
Add Pin To Net: Unknown Pin: Pin U?-30
Add Pin To Net: Unknown Pin: Pin U?-31
Add Pin To Net: Unknown Pin: Pin U?-32
Add Pin To Net: Unknown Pin: Pin U?-33
Add Pin To Net: Unknown Pin: Pin U?-34
Add Pin To Net: Unknown Pin: Pin U?-35
Add Pin To Net: Unknown Pin: Pin U?-36
Add Pin To Net: Unknown Pin: Pin U?-37
Add Pin To Net: Unknown Pin: Pin U?-39
Add Net: Net with name "NetC?_1" already exists
Add Net: Net with name "NetC?_1" already exists
Add Net: Net with name "NetC?_1" already exists
Add Net: Net with name "NetC?_2" already exists
Add Net: Net with name "NetCN?_2" already exists
Add Net: Net with name "NetCN?_3" already exists
Add Net: Net with name "NetD?_1" already exists
Add Net: Net with name "NetD?_1" already exists
Add Net: Net with name "NetD?_1" already exists
Add Net: Net with name "NetD?_2" already exists
Add Net: Net with name "NetLED?_1" already exists
Add Net: Net with name "NetLED?_1" already exists
Add Net: Net with name "NetLED?_2" already exists
Add Net: Net with name "NetLED?_2" already exists
Add Net: Net with name "NetLED?_2" already exists
Add Net: Net with name "NetLED?_2" already exists
Add Net: Net with name "NetLED?_2" already exists
Add Net: Net with name "NetLED?_2" already exists
Add Net: Net with name "NetQ?_1" already exists
Add Net: Net with name "NetQ?_1" already exists
Add Net: Net with name "NetR?_1" already exists
Added Member To Class: ClassName=Sheet2 Member=Component C? 100nF
Added Member To Class: ClassName=Sheet2 Member=Component C? 100nf
Added Member To Class: ClassName=Sheet2 Member=Component C? Cap 10x21
Added Member To Class: ClassName=Sheet2 Member=Component C? 100N
Added Member To Class: ClassName=Sheet2 Member=Component C? 18pf
Added Member To Class: ClassName=Sheet2 Member=Component C? 100nf
Added Member To Class: ClassName=Sheet2 Member=Component C? 1000uf
Added Member To Class: ClassName=Sheet2 Member=Component C? 100nf
Added Member To Class: ClassName=Sheet2 Member=Component C? 100nf
Added Member To Class: ClassName=Sheet2 Member=Component C? 100nf
Added Member To Class: ClassName=Sheet2 Member=Component C? 100n
Added Member To Class: ClassName=Sheet2 Member=Component C? 1000uf
Added Member To Class: ClassName=Sheet2 Member=Component C? 100nf
Added Member To Class: ClassName=Sheet2 Member=Component C? 100nf
Added Member To Class: ClassName=Sheet2 Member=Component C? 100nF
Added Member To Class: ClassName=Sheet2 Member=Component C? 100nf
Added Member To Class: ClassName=Sheet2 Member=Component C? 100nf
Added Member To Class: ClassName=Sheet2 Member=Component C? Cap 10x21
Added Member To Class: ClassName=Sheet2 Member=Component C? 100nf
Added Member To Class: ClassName=Sheet2 Member=Component C? 18pf
Added Member To Class: ClassName=Sheet2 Member=Component C? 100N
Added Member To Class: ClassName=Sheet2 Member=Component CN? program
Added Member To Class: ClassName=Sheet2 Member=Component CN? debug
Added Member To Class: ClassName=Sheet2 Member=Component D-? 1N4148
Added Member To Class: ClassName=Sheet2 Member=Component D-? 1N4148
Added Member To Class: ClassName=Sheet2 Member=Component D-? 1N4148
Added Member To Class: ClassName=Sheet2 Member=Component D? 1N4148UR-1
Added Member To Class: ClassName=Sheet2 Member=Component D? 1N5819
Added Member To Class: ClassName=Sheet2 Member=Component D? 1N5819
Added Member To Class: ClassName=Sheet2 Member=Component D? 1N4148UR-1
Added Member To Class: ClassName=Sheet2 Member=Component D? 1N5819
Added Member To Class: ClassName=Sheet2 Member=Component D? 1N4148UR-1
Added Member To Class: ClassName=Sheet2 Member=Component D? 1N4148UR-1
Added Member To Class: ClassName=Sheet2 Member=Component D? 1N5819
Added Member To Class: ClassName=Sheet2 Member=Component D? 1N4148UR-1
Added Member To Class: ClassName=Sheet2 Member=Component IC? LM1117IMPX-ADJ_NOPB
Added Member To Class: ClassName=Sheet2 Member=Component IC? TP4056X
Added Member To Class: ClassName=Sheet2 Member=Component IC? STM32F030K6T6
Added Member To Class: ClassName=Sheet2 Member=Component J? Socket
Added Member To Class: ClassName=Sheet2 Member=Component J? Socket
Added Member To Class: ClassName=Sheet2 Member=Component J? Socket
Added Member To Class: ClassName=Sheet2 Member=Component J? Socket
Added Member To Class: ClassName=Sheet2 Member=Component K? RELAY NT90TNC12CB
Added Member To Class: ClassName=Sheet2 Member=Component LED? Green
Added Member To Class: ClassName=Sheet2 Member=Component LED? Green
Added Member To Class: ClassName=Sheet2 Member=Component LED? Red
Added Member To Class: ClassName=Sheet2 Member=Component LED? Green
Added Member To Class: ClassName=Sheet2 Member=Component LED? Green
Added Member To Class: ClassName=Sheet2 Member=Component LED? Green
Added Member To Class: ClassName=Sheet2 Member=Component LED? Green
Added Member To Class: ClassName=Sheet2 Member=Component out? out1
Added Member To Class: ClassName=Sheet2 Member=Component Q? BC817
Added Member To Class: ClassName=Sheet2 Member=Component Q? BC817
Added Member To Class: ClassName=Sheet2 Member=Component R? 10k
Added Member To Class: ClassName=Sheet2 Member=Component R? 1k
Added Member To Class: ClassName=Sheet2 Member=Component R? 1k
Added Member To Class: ClassName=Sheet2 Member=Component R? 2.2k
Added Member To Class: ClassName=Sheet2 Member=Component R? 330r
Added Member To Class: ClassName=Sheet2 Member=Component R? 20r
Added Member To Class: ClassName=Sheet2 Member=Component R? 1k
Added Member To Class: ClassName=Sheet2 Member=Component R? 10k
Added Member To Class: ClassName=Sheet2 Member=Component R? 1k
Added Member To Class: ClassName=Sheet2 Member=Component R? 1K
Added Member To Class: ClassName=Sheet2 Member=Component R? 1K
Added Member To Class: ClassName=Sheet2 Member=Component R? 4.7k
Added Member To Class: ClassName=Sheet2 Member=Component R? 4.7k
Added Member To Class: ClassName=Sheet2 Member=Component R? 100k
Added Member To Class: ClassName=Sheet2 Member=Component R? 0r
Added Member To Class: ClassName=Sheet2 Member=Component R? 2.2k
Added Member To Class: ClassName=Sheet2 Member=Component R? 2.2k
Added Member To Class: ClassName=Sheet2 Member=Component R? 2.2k
Added Member To Class: ClassName=Sheet2 Member=Component R? 1k
Added Member To Class: ClassName=Sheet2 Member=Component R? 10k
Added Member To Class: ClassName=Sheet2 Member=Component R? 120R
Added Member To Class: ClassName=Sheet2 Member=Component R? 1k
Added Member To Class: ClassName=Sheet2 Member=Component R? 10k
Added Member To Class: ClassName=Sheet2 Member=Component R? 1k
Added Member To Class: ClassName=Sheet2 Member=Component R? 10k
Added Member To Class: ClassName=Sheet2 Member=Component R? 10k
Added Member To Class: ClassName=Sheet2 Member=Component R? 10k
Added Member To Class: ClassName=Sheet2 Member=Component R? 100k
Added Member To Class: ClassName=Sheet2 Member=Component R? 10k
Added Member To Class: ClassName=Sheet2 Member=Component R? 1.2k
Added Member To Class: ClassName=Sheet2 Member=Component R? 100k
Added Member To Class: ClassName=Sheet2 Member=Component R? 330r
Added Member To Class: ClassName=Sheet2 Member=Component R? 10k
Added Member To Class: ClassName=Sheet2 Member=Component R? 4.7k
Added Member To Class: ClassName=Sheet2 Member=Component R? 1k
Added Member To Class: ClassName=Sheet2 Member=Component R? 100k
Added Member To Class: ClassName=Sheet2 Member=Component T? zmct103c
Added Member To Class: ClassName=Sheet2 Member=Component U? M08-R
