Removed Member From Class: ClassName=Sheet2 Member=Q?
Change Component Designator: OldDesignator=cs2 NewDesignator=cs1
Change Component Designator: OldDesignator=D? NewDesignator=D2
Change Component Designator: OldDesignator=Q3 NewDesignator=Q6
Change Component Designator: OldDesignator=R25 NewDesignator=R29
Change Component Designator: OldDesignator=R28 NewDesignator=R30
Change Component Designator: OldDesignator=R29 NewDesignator=R31
Change Component Designator: OldDesignator=R30 NewDesignator=R36
Change Component Designator: OldDesignator=R31 NewDesignator=R32
Change Component Designator: OldDesignator=R32 NewDesignator=R33
Change Component Designator: OldDesignator=R33 NewDesignator=R34
Change Component Designator: OldDesignator=R34 NewDesignator=R35
Change Component Designator: OldDesignator=R35 NewDesignator=R37
Change Component Designator: OldDesignator=R36 NewDesignator=R38
Change Component Designator: OldDesignator=R37 NewDesignator=R39
Added Component: Designator=Buzzer1(HDR1X2)
Add component (AddParameter): Name = "LatestRevisionDate"; Value = "17-Jul-2002"; VariantName = "[No Variations]"
Add component (AddParameter): Name = "LatestRevisionNote"; Value = "Re-released for DXP Platform."; VariantName = "[No Variations]"
Add component (AddParameter): Name = "Publisher"; Value = "Altium Limited"; VariantName = "[No Variations]"
Added Component: Designator=Out3(HDR1X2)
Add component (AddParameter): Name = "LatestRevisionDate"; Value = "17-Jul-2002"; VariantName = "[No Variations]"
Add component (AddParameter): Name = "LatestRevisionNote"; Value = "Re-released for DXP Platform."; VariantName = "[No Variations]"
Add component (AddParameter): Name = "Publisher"; Value = "Altium Limited"; VariantName = "[No Variations]"
Added Component: Designator=Q3(SOT23_BEC_N)
Add component (AddParameter): Name = "LatestRevisionDate"; Value = "29-May-2009"; VariantName = "[No Variations]"
Add component (AddParameter): Name = "LatestRevisionNote"; Value = "IPC-7351 Footprint Added."; VariantName = "[No Variations]"
Add component (AddParameter): Name = "PackageDescription"; Value = "3-Pin SOT-23 Package 0.95 mm Pitch, 2.4 mm Lead Span"; VariantName = "[No Variations]"
Add component (AddParameter): Name = "PackageReference"; Value = "SOT-23B"; VariantName = "[No Variations]"
Add component (AddParameter): Name = "PackageVersion"; Value = "Aug-1999"; VariantName = "[No Variations]"
Add component (AddParameter): Name = "Published"; Value = "8-Jun-2000"; VariantName = "[No Variations]"
Add component (AddParameter): Name = "Publisher"; Value = "Altium Limited"; VariantName = "[No Variations]"
Added Component: Designator=Q4(TO254P1041X444X2933-3)
Add component (AddParameter): Name = "Check_prices"; Value = "https://www.snapeda.com/parts/IRF3205/Infineon+Technologies/view-part/?ref=eda"; VariantName = "[No Variations]"
Add component (AddParameter): Name = "MF"; Value = "Infineon Technologies"; VariantName = "[No Variations]"
Add component (AddParameter): Name = "MP"; Value = "IRF3205"; VariantName = "[No Variations]"
Add component (AddParameter): Name = "Package"; Value = "TO-220 Infineon"; VariantName = "[No Variations]"
Add component (AddParameter): Name = "SnapEDA_Link"; Value = "https://www.snapeda.com/parts/IRF3205/Infineon+Technologies/view-part/?ref=snap"; VariantName = "[No Variations]"
Add component (AddParameter): Name = "Value"; Value = ""; VariantName = "[No Variations]"
Added Component: Designator=Q5(SOT23_BEC_N)
Add component (AddParameter): Name = "LatestRevisionDate"; Value = "29-May-2009"; VariantName = "[No Variations]"
Add component (AddParameter): Name = "LatestRevisionNote"; Value = "IPC-7351 Footprint Added."; VariantName = "[No Variations]"
Add component (AddParameter): Name = "PackageDescription"; Value = "3-Pin SOT-23 Package 0.95 mm Pitch, 2.4 mm Lead Span"; VariantName = "[No Variations]"
Add component (AddParameter): Name = "PackageReference"; Value = "SOT-23B"; VariantName = "[No Variations]"
Add component (AddParameter): Name = "PackageVersion"; Value = "Aug-1999"; VariantName = "[No Variations]"
Add component (AddParameter): Name = "Published"; Value = "8-Jun-2000"; VariantName = "[No Variations]"
Add component (AddParameter): Name = "Publisher"; Value = "Altium Limited"; VariantName = "[No Variations]"
Added Component: Designator=R25(RES 1206 (3216X08L))
Add component (AddParameter): Name = "Power"; Value = "1/8 W"; VariantName = "[No Variations]"
Add component (AddParameter): Name = "Tolerance"; Value = "5%"; VariantName = "[No Variations]"
Add component (AddParameter): Name = "Value"; Value = "1K"; VariantName = "[No Variations]"
Added Component: Designator=R26(RES 1206 (3216X08L))
Add component (AddParameter): Name = "Power"; Value = "1/8 W"; VariantName = "[No Variations]"
Add component (AddParameter): Name = "Tolerance"; Value = "5%"; VariantName = "[No Variations]"
Add component (AddParameter): Name = "Value"; Value = "1K"; VariantName = "[No Variations]"
Added Component: Designator=R27(RES 1206 (3216X08L))
Add component (AddParameter): Name = "Power"; Value = "1/8 W"; VariantName = "[No Variations]"
Add component (AddParameter): Name = "Tolerance"; Value = "5%"; VariantName = "[No Variations]"
Add component (AddParameter): Name = "Value"; Value = "1K"; VariantName = "[No Variations]"
Added Component: Designator=R28(RES 1206 (3216X08L))
Add component (AddParameter): Name = "Power"; Value = "1/8 W"; VariantName = "[No Variations]"
Add component (AddParameter): Name = "Tolerance"; Value = "5%"; VariantName = "[No Variations]"
Add component (AddParameter): Name = "Value"; Value = "1K"; VariantName = "[No Variations]"
Added Pin To Net: NetName=GND Pin=Out3-1
Added Pin To Net: NetName=GND Pin=Q4-3
Added Pin To Net: NetName=GND Pin=Q5-2
Added Pin To Net: NetName=12v Pin=R25-1
Added Pin To Net: NetName=GND Pin=R27-2
Change Net Name : Old Net Name=NetD?_A New Net Name=NetD2_A
Change Net Name : Old Net Name=NetQ3_1 New Net Name=NetQ6_1
Change Net Name : Old Net Name=NetQ3_3 New Net Name=NetQ6_3
Change Net Name : Old Net Name=NetR30_1 New Net Name=NetR36_1
Change Net Name : Old Net Name=NetR32_1 New Net Name=NetR33_1
Added Pin To Net: NetName=NetBuzzer1_1 Pin=Buzzer1-1
Added Pin To Net: NetName=NetBuzzer1_1 Pin=Out3-2
Added Pin To Net: NetName=NetBuzzer1_1 Pin=Q3-2
Added Pin To Net: NetName=NetBuzzer1_1 Pin=R25-2
Added Net: Name=NetBuzzer1_1
Added Pin To Net: NetName=NetBuzzer1_2 Pin=Buzzer1-2
Added Pin To Net: NetName=NetBuzzer1_2 Pin=Q4-2
Added Net: Name=NetBuzzer1_2
Added Pin To Net: NetName=NetQ3_1 Pin=Q3-1
Added Pin To Net: NetName=NetQ3_1 Pin=R26-2
Added Net: Name=NetQ3_1
Added Pin To Net: NetName=NetQ3_3 Pin=Q3-3
Added Pin To Net: NetName=NetQ3_3 Pin=Q4-1
Added Pin To Net: NetName=NetQ3_3 Pin=R27-1
Added Net: Name=NetQ3_3
Added Pin To Net: NetName=NetQ5_1 Pin=Q5-1
Added Pin To Net: NetName=NetQ5_1 Pin=R28-2
Added Net: Name=NetQ5_1
Added Pin To Net: NetName=NetQ5_3 Pin=Q5-3
Added Pin To Net: NetName=NetQ5_3 Pin=R26-1
Added Net: Name=NetQ5_3
Added Pin To Net: NetName=PB4 Pin=R28-1
Added Pin To Net: NetName=PB4 Pin=U3-40
Added Net: Name=PB4
Added Member To Class: ClassName=Sheet2 Member=Component Buzzer1 Header 2
Added Member To Class: ClassName=Sheet2 Member=Component Out3 Header 2
Added Member To Class: ClassName=Sheet2 Member=Component Q4 IRF3205
Added Member To Class: ClassName=Sheet2 Member=Component Q5 BC817
Added Member To Class: ClassName=Sheet2 Member=Component Q6 BC817
Added Member To Class: ClassName=Sheet2 Member=Component R26 1K
Added Member To Class: ClassName=Sheet2 Member=Component R27 1K
Added Member To Class: ClassName=Sheet2 Member=Component R38 1K
Added Member To Class: ClassName=Sheet2 Member=Component R39 1K
