Removed Pin From Net: NetName=N Pin=D7-2
Removed Pin From Net: NetName=N Pin=D8-2
Removed Member From Class: ClassName=Sheet2 Member=D10
Removed Member From Class: ClassName=Sheet2 Member=D11
Change Component Designator: OldDesignator=battery2 NewDesignator=battery3
Change Component Designator: OldDesignator=battery3 NewDesignator=battery4
Change Component Designator: OldDesignator=D9 NewDesignator=D7
Change Component Designator: OldDesignator=D10 NewDesignator=D8
Change Component Designator: OldDesignator=D11 NewDesignator=D9
Change Component Designator: OldDesignator=R22 NewDesignator=R20
Change Component Designator: OldDesignator=R23 NewDesignator=R21
Change Component Designator: OldDesignator=R24 NewDesignator=R22
Change Component Designator: OldDesignator=R25 NewDesignator=R23
Change Component Designator: OldDesignator=R26 NewDesignator=R24
Change Component Designator: OldDesignator=R27 NewDesignator=R25
Change Component Designator: OldDesignator=R28 NewDesignator=R26
Change Component Designator: OldDesignator=R29 NewDesignator=R27
Change Component Designator: OldDesignator=R30 NewDesignator=R28
Change Component Designator: OldDesignator=R31 NewDesignator=R29
Change Component Designator: OldDesignator=R32 NewDesignator=R30
Change Component Designator: OldDesignator=R33 NewDesignator=R31
Change Component Designator: OldDesignator=R34 NewDesignator=R32
Change Component Designator: OldDesignator=R35 NewDesignator=R33
Change Component Designator: OldDesignator=R36 NewDesignator=R34
Change Component Designator: OldDesignator=R37 NewDesignator=R35
Change Component Designator: OldDesignator=R38 NewDesignator=R36
Change Component Designator: OldDesignator=R39 NewDesignator=R37
Added Component: Designator=battery2(HDR1X2)
Add component (AddParameter): Name = "LatestRevisionDate"; Value = "17-Jul-2002"; VariantName = "[No Variations]"
Add component (AddParameter): Name = "LatestRevisionNote"; Value = "Re-released for DXP Platform."; VariantName = "[No Variations]"
Add component (AddParameter): Name = "Publisher"; Value = "Altium Limited"; VariantName = "[No Variations]"
Added Component: Designator=battery5(HDR1X2)
Add component (AddParameter): Name = "LatestRevisionDate"; Value = "17-Jul-2002"; VariantName = "[No Variations]"
Add component (AddParameter): Name = "LatestRevisionNote"; Value = "Re-released for DXP Platform."; VariantName = "[No Variations]"
Add component (AddParameter): Name = "Publisher"; Value = "Altium Limited"; VariantName = "[No Variations]"
Added Pin To Net: NetName=N Pin=battery2-2
Added Pin To Net: NetName=N Pin=battery5-2
Change Net Name : Old Net Name=Netbattery2_1 New Net Name=Netbattery3_1
Change Net Name : Old Net Name=Netbattery3_2 New Net Name=Netbattery4_2
Change Net Name : Old Net Name=NetD10_2 New Net Name=NetD8_2
Change Net Name : Old Net Name=NetR28_1 New Net Name=NetR26_1
Change Net Name : Old Net Name=NetR34_1 New Net Name=NetR32_1
Added Pin To Net: NetName=Netbattery2_1 Pin=battery2-1
Added Pin To Net: NetName=Netbattery2_1 Pin=R7-2
Added Net: Name=Netbattery2_1
Added Pin To Net: NetName=Netbattery5_1 Pin=battery5-1
Added Pin To Net: NetName=Netbattery5_1 Pin=R8-2
Added Net: Name=Netbattery5_1
Added Member To Class: ClassName=Sheet2 Member=Component battery4 Header 2
Added Member To Class: ClassName=Sheet2 Member=Component battery5 Header 2
