Removed Pin From Net: NetName=G_SIM Pin=D-1-1
Removed Pin From Net: NetName=V_SIM Pin=D-1-2
Removed Pin From Net: NetName=G_SIM Pin=D-2-1
Removed Pin From Net: NetName=SIM_RST Pin=D-2-2
Removed Pin From Net: NetName=G_SIM Pin=D-3-1
Removed Pin From Net: NetName=SIM_IO Pin=D-3-2
Removed Pin From Net: NetName=G_SIM Pin=D-4-1
Removed Pin From Net: NetName=SIM_CLK Pin=D-4-2
Removed Member From Class: ClassName=Sheet2 Member=D-1
Removed Member From Class: ClassName=Sheet2 Member=D-2
Removed Member From Class: ClassName=Sheet2 Member=D-3
Removed Member From Class: ClassName=Sheet2 Member=D-4
Added Component: Designator=J1(SIM5060802601A)
Add component (AddParameter): Name = "Arrow Part Number"; Value = ""; VariantName = "[No Variations]"
Add component (AddParameter): Name = "Arrow Price/Stock"; Value = ""; VariantName = "[No Variations]"
Add component (AddParameter): Name = "Datasheet Link"; Value = "https://gct.co/files/drawings/sim5060.pdf"; VariantName = "[No Variations]"
Add component (AddParameter): Name = "Height"; Value = "2.85mm"; VariantName = "[No Variations]"
Add component (AddParameter): Name = "Manufacturer_Name"; Value = "GCT (GLOBAL CONNECTOR TECHNOLOGY)"; VariantName = "[No Variations]"
Add component (AddParameter): Name = "Manufacturer_Part_Number"; Value = "SIM5060-8-0-26-01-A"; VariantName = "[No Variations]"
Add component (AddParameter): Name = "Mouser Part Number"; Value = ""; VariantName = "[No Variations]"
Add component (AddParameter): Name = "Mouser Price/Stock"; Value = ""; VariantName = "[No Variations]"
Added Pin To Net: NetName=V_SIM Pin=J1-C1
Added Pin To Net: NetName=SIM_RST Pin=J1-C2
Added Pin To Net: NetName=SIM_CLK Pin=J1-C3
Added Pin To Net: NetName=G_SIM Pin=J1-C5
Added Pin To Net: NetName=SIM_IO Pin=J1-C7
Added Member To Class: ClassName=Sheet2 Member=Component C1 100nf
Added Member To Class: ClassName=Sheet2 Member=Component C3 100nf
Added Member To Class: ClassName=Sheet2 Member=Component C4 1000uf
Added Member To Class: ClassName=Sheet2 Member=Component C6 100nf
Added Member To Class: ClassName=Sheet2 Member=Component C8 100n
Added Member To Class: ClassName=Sheet2 Member=Component C9 Cap 10x21
Added Member To Class: ClassName=Sheet2 Member=Component C10 100n
Added Member To Class: ClassName=Sheet2 Member=Component C11 Cap 10x21
Added Member To Class: ClassName=Sheet2 Member=Component C12 100nF
Added Member To Class: ClassName=Sheet2 Member=Component C14 100nF
Added Member To Class: ClassName=Sheet2 Member=Component C15 100nf
Added Member To Class: ClassName=Sheet2 Member=Component C16 100nf
Added Member To Class: ClassName=Sheet2 Member=Component C17 100nf
Added Member To Class: ClassName=Sheet2 Member=Component C21 100n
Added Member To Class: ClassName=Sheet2 Member=Component C22 100nf
Added Member To Class: ClassName=Sheet2 Member=Component D5 1N4148UR-1
Added Member To Class: ClassName=Sheet2 Member=Component D7 LED5MM
Added Member To Class: ClassName=Sheet2 Member=Component D8 LED5MM
Added Member To Class: ClassName=Sheet2 Member=Component D10 1N4148UR-1
Added Member To Class: ClassName=Sheet2 Member=Component IC3 M24C02-RMN6P
Added Member To Class: ClassName=Sheet2 Member=Component J1 SIM5060-8-0-26-01-A
Added Member To Class: ClassName=Sheet2 Member=Component LED3 Green
Added Member To Class: ClassName=Sheet2 Member=Component LED4 Green
Added Member To Class: ClassName=Sheet2 Member=Component LED5 Green
Added Member To Class: ClassName=Sheet2 Member=Component R14 10k
Added Member To Class: ClassName=Sheet2 Member=Component R27 2.2k
Added Member To Class: ClassName=Sheet2 Member=Component R28 4.7k
Added Member To Class: ClassName=Sheet2 Member=Component R30 4.7k
Added Member To Class: ClassName=Sheet2 Member=Component R32 4.7k
Added Member To Class: ClassName=Sheet2 Member=Component R35 4.7k
Added Member To Class: ClassName=Sheet2 Member=Component S1 Switch PB
