Removed Pin From Net: NetName=TX Pin=U?-1
Removed Pin From Net: NetName=RX Pin=U?-2
Change Component Designator: OldDesignator=ANT? NewDesignator=ANT1
Change Component Designator: OldDesignator=C? NewDesignator=C1
Change Component Designator: OldDesignator=C? NewDesignator=C2
Change Component Designator: OldDesignator=C? NewDesignator=C3
Change Component Designator: OldDesignator=C? NewDesignator=C4
Change Component Designator: OldDesignator=C? NewDesignator=C5
Change Component Designator: OldDesignator=C? NewDesignator=C6
Change Component Designator: OldDesignator=C? NewDesignator=C7
Change Component Designator: OldDesignator=C? NewDesignator=C8
Change Component Designator: OldDesignator=C? NewDesignator=C9
Change Component Designator: OldDesignator=C? NewDesignator=C10
Change Component Designator: OldDesignator=C? NewDesignator=C11
Change Component Designator: OldDesignator=C? NewDesignator=C12
Change Component Designator: OldDesignator=C? NewDesignator=C13
Change Component Designator: OldDesignator=C? NewDesignator=C14
Change Component Designator: OldDesignator=C? NewDesignator=C15
Change Component Designator: OldDesignator=C? NewDesignator=C16
Change Component Designator: OldDesignator=C? NewDesignator=C17
Change Component Designator: OldDesignator=C? NewDesignator=C18
Change Component Designator: OldDesignator=C? NewDesignator=C19
Change Component Designator: OldDesignator=C? NewDesignator=C20
Change Component Designator: OldDesignator=C? NewDesignator=C21
Change Component Designator: OldDesignator=C? NewDesignator=C22
Change Component Designator: OldDesignator=CN? NewDesignator=CN1
Change Component Designator: OldDesignator=CN? NewDesignator=CN2
Change Component Designator: OldDesignator=CN? NewDesignator=CN3
Change Component Designator: OldDesignator=D-? NewDesignator=D-1
Change Component Designator: OldDesignator=D-? NewDesignator=D-2
Change Component Designator: OldDesignator=D-? NewDesignator=D-3
Change Component Designator: OldDesignator=D-? NewDesignator=D-4
Change Component Designator: OldDesignator=D? NewDesignator=D1
Change Component Designator: OldDesignator=D? NewDesignator=D2
Change Component Designator: OldDesignator=D? NewDesignator=D3
Change Component Designator: OldDesignator=D? NewDesignator=D4
Change Component Designator: OldDesignator=D? NewDesignator=D5
Change Component Designator: OldDesignator=D? NewDesignator=D6
Change Component Designator: OldDesignator=D? NewDesignator=D7
Change Component Designator: OldDesignator=D? NewDesignator=D8
Change Component Designator: OldDesignator=D? NewDesignator=D9
Change Component Designator: OldDesignator=D? NewDesignator=D10
Change Component Designator: OldDesignator=IC? NewDesignator=IC1
Change Component Designator: OldDesignator=IC? NewDesignator=IC2
Change Component Designator: OldDesignator=IC? NewDesignator=IC3
Change Component Designator: OldDesignator=IC? NewDesignator=IC4
Change Component Designator: OldDesignator=J? NewDesignator=J2
Change Component Designator: OldDesignator=J? NewDesignator=J3
Change Component Designator: OldDesignator=J? NewDesignator=J4
Change Component Designator: OldDesignator=J? NewDesignator=J5
Change Component Designator: OldDesignator=K? NewDesignator=K1
Change Component Designator: OldDesignator=K? NewDesignator=K2
Change Component Designator: OldDesignator=L? NewDesignator=L1
Change Component Designator: OldDesignator=LD? NewDesignator=LD1
Change Component Designator: OldDesignator=LED? NewDesignator=LED1
Change Component Designator: OldDesignator=LED? NewDesignator=LED2
Change Component Designator: OldDesignator=LED? NewDesignator=LED3
Change Component Designator: OldDesignator=LED? NewDesignator=LED4
Change Component Designator: OldDesignator=LED? NewDesignator=LED5
Change Component Designator: OldDesignator=LED? NewDesignator=LED6
Change Component Designator: OldDesignator=LED? NewDesignator=LED7
Change Component Designator: OldDesignator=LED? NewDesignator=LED8
Change Component Designator: OldDesignator=out? NewDesignator=out1
Change Component Designator: OldDesignator=out? NewDesignator=out2
Change Component Designator: OldDesignator=PS? NewDesignator=PS1
Change Component Designator: OldDesignator=Q? NewDesignator=Q1
Change Component Designator: OldDesignator=Q? NewDesignator=Q2
Change Component Designator: OldDesignator=Q? NewDesignator=Q3
Change Component Designator: OldDesignator=R? NewDesignator=R1
Change Component Designator: OldDesignator=R? NewDesignator=R2
Change Component Designator: OldDesignator=R? NewDesignator=R3
Change Component Designator: OldDesignator=R? NewDesignator=R4
Change Component Designator: OldDesignator=R? NewDesignator=R5
Change Component Designator: OldDesignator=R? NewDesignator=R6
Change Component Designator: OldDesignator=R? NewDesignator=R7
Change Component Designator: OldDesignator=R? NewDesignator=R8
Change Component Designator: OldDesignator=R? NewDesignator=R9
Change Component Designator: OldDesignator=R? NewDesignator=R10
Change Component Designator: OldDesignator=R? NewDesignator=R11
Change Component Designator: OldDesignator=R? NewDesignator=R12
Change Component Designator: OldDesignator=R? NewDesignator=R13
Change Component Designator: OldDesignator=R? NewDesignator=R14
Change Component Designator: OldDesignator=R? NewDesignator=R15
Change Component Designator: OldDesignator=R? NewDesignator=R16
Change Component Designator: OldDesignator=R? NewDesignator=R17
Change Component Designator: OldDesignator=R? NewDesignator=R18
Change Component Designator: OldDesignator=R? NewDesignator=R19
Change Component Designator: OldDesignator=R? NewDesignator=R20
Change Component Designator: OldDesignator=R? NewDesignator=R21
Change Component Designator: OldDesignator=R? NewDesignator=R22
Change Component Designator: OldDesignator=R? NewDesignator=R23
Change Component Designator: OldDesignator=R? NewDesignator=R24
Change Component Designator: OldDesignator=R? NewDesignator=R25
Change Component Designator: OldDesignator=R? NewDesignator=R26
Change Component Designator: OldDesignator=R? NewDesignator=R27
Change Component Designator: OldDesignator=R? NewDesignator=R28
Change Component Designator: OldDesignator=R? NewDesignator=R29
Change Component Designator: OldDesignator=R? NewDesignator=R30
Change Component Designator: OldDesignator=R? NewDesignator=R31
Change Component Designator: OldDesignator=R? NewDesignator=R32
Change Component Designator: OldDesignator=R? NewDesignator=R33
Change Component Designator: OldDesignator=R? NewDesignator=R34
Change Component Designator: OldDesignator=R? NewDesignator=R35
Change Component Designator: OldDesignator=R? NewDesignator=R36
Change Component Designator: OldDesignator=R? NewDesignator=R37
Change Component Designator: OldDesignator=S? NewDesignator=S1
Change Component Designator: OldDesignator=T? NewDesignator=T1
Change Component Designator: OldDesignator=T? NewDesignator=T2
Change Component Designator: OldDesignator=U? NewDesignator=U1
Change Component Designator: OldDesignator=Y? NewDesignator=Y1
Add Component: Footprint Not Found GCT_SIM5060-6-0-26-01-X_REVC
Add Component: Footprint Not Found XCVR_M08-R
Add Pin To Net: Unknown Pin: Pin J1-C1
Add Pin To Net: Unknown Pin: Pin J1-C2
Add Pin To Net: Unknown Pin: Pin J1-C3
Add Pin To Net: Unknown Pin: Pin J1-C5
Add Pin To Net: Unknown Pin: Pin J1-C7
Added Pin To Net: NetName=12v Pin=U1-1
Add Pin To Net: Unknown Pin: Pin U2-1
Add Pin To Net: Unknown Pin: Pin U2-2
Add Pin To Net: Unknown Pin: Pin U2-7
Add Pin To Net: Unknown Pin: Pin U2-8
Add Pin To Net: Unknown Pin: Pin U2-13
Add Pin To Net: Unknown Pin: Pin U2-15
Add Pin To Net: Unknown Pin: Pin U2-16
Add Pin To Net: Unknown Pin: Pin U2-17
Add Pin To Net: Unknown Pin: Pin U2-18
Add Pin To Net: Unknown Pin: Pin U2-19
Add Pin To Net: Unknown Pin: Pin U2-21
Add Pin To Net: Unknown Pin: Pin U2-27
Add Pin To Net: Unknown Pin: Pin U2-30
Add Pin To Net: Unknown Pin: Pin U2-31
Add Pin To Net: Unknown Pin: Pin U2-33
Add Pin To Net: Unknown Pin: Pin U2-34
Add Pin To Net: Unknown Pin: Pin U2-35
Add Pin To Net: Unknown Pin: Pin U2-36
Add Pin To Net: Unknown Pin: Pin U2-37
Change Net Name : Old Net Name=NetC?_1 New Net Name=NetC11_1
Change Net Name : Old Net Name=NetC?_2 New Net Name=NetC13_2
Change Net Name : Old Net Name=NetCN?_2 New Net Name=NetCN2_2
Change Net Name : Old Net Name=NetCN?_3 New Net Name=NetCN2_3
Change Net Name : Old Net Name=NetD?_1 New Net Name=NetD5_1
Change Net Name : Old Net Name=NetD?_2 New Net Name=NetD9_2
Change Net Name : Old Net Name=NetIC?_2 New Net Name=NetIC2_2
Change Net Name : Old Net Name=NetIC?_4 New Net Name=NetIC3_4
Change Net Name : Old Net Name=NetIC?_6 New Net Name=NetIC2_6
Change Net Name : Old Net Name=NetIC?_7 New Net Name=NetIC2_7
Change Net Name : Old Net Name=NetLD?_1 New Net Name=NetLD1_1
Change Net Name : Old Net Name=NetLED?_1 New Net Name=NetLED4_1
Change Net Name : Old Net Name=NetLED?_2 New Net Name=NetLED8_2
Change Net Name : Old Net Name=NetQ?_1 New Net Name=NetQ3_1
Change Net Name : Old Net Name=NetR?_1 New Net Name=NetR1_1
Added Pin To Net: NetName=NetANT1_1 Pin=ANT1-1
Added Net: Name=NetANT1_1
Added Pin To Net: NetName=NetC9_1 Pin=C9-1
Added Pin To Net: NetName=NetC9_1 Pin=R6-2
Added Net: Name=NetC9_1
Added Pin To Net: NetName=NetC12_2 Pin=C12-2
Added Pin To Net: NetName=NetC12_2 Pin=D5-2
Added Pin To Net: NetName=NetC12_2 Pin=D6-2
Added Pin To Net: NetName=NetC12_2 Pin=R13-1
Added Pin To Net: NetName=NetC12_2 Pin=R16-2
Added Net: Name=NetC12_2
Added Pin To Net: NetName=NetC17_1 Pin=C17-1
Added Pin To Net: NetName=NetC17_1 Pin=IC3-2
Added Pin To Net: NetName=NetC17_1 Pin=Y1-1
Added Pin To Net: NetName=NetC17_1 Pin=Y1-1
Added Net: Name=NetC17_1
Added Pin To Net: NetName=NetC18_1 Pin=C18-1
Added Pin To Net: NetName=NetC18_1 Pin=IC3-3
Added Pin To Net: NetName=NetC18_1 Pin=Y1-2
Added Pin To Net: NetName=NetC18_1 Pin=Y1-2
Added Net: Name=NetC18_1
Added Pin To Net: NetName=NetCN1_2 Pin=CN1-2
Added Pin To Net: NetName=NetCN1_2 Pin=S1-2
Added Net: Name=NetCN1_2
Added Pin To Net: NetName=NetCN3_3 Pin=CN3-3
Added Pin To Net: NetName=NetCN3_3 Pin=IC3-9
Added Pin To Net: NetName=NetCN3_3 Pin=R36-1
Added Pin To Net: NetName=NetCN3_3 Pin=R37-1
Added Net: Name=NetCN3_3
Added Pin To Net: NetName=NetD1_2 Pin=D1-2
Added Pin To Net: NetName=NetD1_2 Pin=L1-1
Added Pin To Net: NetName=NetD1_2 Pin=U1-2
Added Net: Name=NetD1_2
Added Pin To Net: NetName=NetD2_1 Pin=D2-1
Added Pin To Net: NetName=NetD2_1 Pin=D4-1
Added Pin To Net: NetName=NetD2_1 Pin=IC2-5
Added Pin To Net: NetName=NetD2_1 Pin=S1-1
Added Net: Name=NetD2_1
Added Pin To Net: NetName=NetD3_1 Pin=D3-1
Added Pin To Net: NetName=NetD3_1 Pin=K1-2
Added Pin To Net: NetName=NetD3_1 Pin=LED1-1
Added Pin To Net: NetName=NetD3_1 Pin=Q1-3
Added Net: Name=NetD3_1
Added Pin To Net: NetName=NetD8_1 Pin=D8-1
Added Pin To Net: NetName=NetD8_1 Pin=K2-2
Added Pin To Net: NetName=NetD8_1 Pin=LED5-1
Added Pin To Net: NetName=NetD8_1 Pin=Q2-3
Added Net: Name=NetD8_1
Added Pin To Net: NetName=NetLED1_2 Pin=LED1-2
Added Pin To Net: NetName=NetLED1_2 Pin=R10-2
Added Net: Name=NetLED1_2
Added Pin To Net: NetName=NetLED2_2 Pin=LED2-2
Added Pin To Net: NetName=NetLED2_2 Pin=R12-2
Added Net: Name=NetLED2_2
Added Pin To Net: NetName=NetLED3_1 Pin=LED3-1
Added Pin To Net: NetName=NetLED3_1 Pin=R20-1
Added Net: Name=NetLED3_1
Added Pin To Net: NetName=NetLED3_2 Pin=LED3-2
Added Pin To Net: NetName=NetLED3_2 Pin=R7-2
Added Net: Name=NetLED3_2
Added Pin To Net: NetName=NetLED4_2 Pin=LED4-2
Added Pin To Net: NetName=NetLED4_2 Pin=R8-2
Added Net: Name=NetLED4_2
Added Pin To Net: NetName=NetLED5_2 Pin=LED5-2
Added Pin To Net: NetName=NetLED5_2 Pin=R19-2
Added Net: Name=NetLED5_2
Added Pin To Net: NetName=NetLED6_2 Pin=LED6-2
Added Pin To Net: NetName=NetLED6_2 Pin=R23-2
Added Net: Name=NetLED6_2
Added Pin To Net: NetName=NetLED7_1 Pin=LED7-1
Added Pin To Net: NetName=NetLED7_1 Pin=R25-1
Added Net: Name=NetLED7_1
Added Pin To Net: NetName=NetQ1_1 Pin=Q1-1
Added Pin To Net: NetName=NetQ1_1 Pin=R9-1
Added Pin To Net: NetName=NetQ1_1 Pin=R15-1
Added Net: Name=NetQ1_1
Added Pin To Net: NetName=NetQ2_1 Pin=Q2-1
Added Pin To Net: NetName=NetQ2_1 Pin=R22-1
Added Pin To Net: NetName=NetQ2_1 Pin=R24-1
Added Net: Name=NetQ2_1
Added Pin To Net: NetName=NetQ3_3 Pin=Q3-3
Added Net: Name=NetQ3_3
Added Pin To Net: NetName=NetR33_1 Pin=R33-1
Added Net: Name=NetR33_1
Added Member To Class: ClassName=Sheet2 Member=Component C1 1000uf
Added Member To Class: ClassName=Sheet2 Member=Component C2 100nf
Added Member To Class: ClassName=Sheet2 Member=Component C3 100nf
Added Member To Class: ClassName=Sheet2 Member=Component C4 100nf
Added Member To Class: ClassName=Sheet2 Member=Component C6 Cap 10x21
Added Member To Class: ClassName=Sheet2 Member=Component C7 100n
Added Member To Class: ClassName=Sheet2 Member=Component C8 Cap 10x21
Added Member To Class: ClassName=Sheet2 Member=Component C9 100nF
Added Member To Class: ClassName=Sheet2 Member=Component C10 100nf
Added Member To Class: ClassName=Sheet2 Member=Component C11 100nF
Added Member To Class: ClassName=Sheet2 Member=Component C12 100nf
Added Member To Class: ClassName=Sheet2 Member=Component C13 100nf
Added Member To Class: ClassName=Sheet2 Member=Component C14 100nf
Added Member To Class: ClassName=Sheet2 Member=Component C15 1000uf
Added Member To Class: ClassName=Sheet2 Member=Component C16 100N
Added Member To Class: ClassName=Sheet2 Member=Component C17 18pf
Added Member To Class: ClassName=Sheet2 Member=Component C18 18pf
Added Member To Class: ClassName=Sheet2 Member=Component C19 100N
Added Member To Class: ClassName=Sheet2 Member=Component C20 100nf
Added Member To Class: ClassName=Sheet2 Member=Component C21 100nf
Added Member To Class: ClassName=Sheet2 Member=Component C22 100nf
Added Member To Class: ClassName=Sheet2 Member=Component CN1 Header H2B-XHA
Added Member To Class: ClassName=Sheet2 Member=Component CN3 debug
Added Member To Class: ClassName=Sheet2 Member=Component D1 1N5819
Added Member To Class: ClassName=Sheet2 Member=Component D2 1N5819
Added Member To Class: ClassName=Sheet2 Member=Component D3 1N5819
Added Member To Class: ClassName=Sheet2 Member=Component D4 1N5819
Added Member To Class: ClassName=Sheet2 Member=Component D5 1N4148UR-1
Added Member To Class: ClassName=Sheet2 Member=Component D6 1N4148UR-1
Added Member To Class: ClassName=Sheet2 Member=Component D7 1N4148UR-1
Added Member To Class: ClassName=Sheet2 Member=Component D8 1N5819
Added Member To Class: ClassName=Sheet2 Member=Component D10 1N4148UR-1
Added Member To Class: ClassName=Sheet2 Member=Component D-1 1N4148
Added Member To Class: ClassName=Sheet2 Member=Component D-3 1N4148
Added Member To Class: ClassName=Sheet2 Member=Component D-4 1N4148
Added Member To Class: ClassName=Sheet2 Member=Component IC1 LM1117IMPX-ADJ_NOPB
Added Member To Class: ClassName=Sheet2 Member=Component IC2 TP4056X
Added Member To Class: ClassName=Sheet2 Member=Component IC4 M24C02-RMN6P
Add Class Member: Failed to add class member : Component J1 SIM5060-6-0-26-01-X_REVC
Added Member To Class: ClassName=Sheet2 Member=Component J2 Socket
Added Member To Class: ClassName=Sheet2 Member=Component J3 Socket
Added Member To Class: ClassName=Sheet2 Member=Component J4 Socket
Added Member To Class: ClassName=Sheet2 Member=Component K1 RELAY NT90TNC12CB
Added Member To Class: ClassName=Sheet2 Member=Component LED1 Green
Added Member To Class: ClassName=Sheet2 Member=Component LED2 Red
Added Member To Class: ClassName=Sheet2 Member=Component LED3 Green
Added Member To Class: ClassName=Sheet2 Member=Component LED4 Green
Added Member To Class: ClassName=Sheet2 Member=Component LED5 Green
Added Member To Class: ClassName=Sheet2 Member=Component LED6 Green
Added Member To Class: ClassName=Sheet2 Member=Component LED8 Green
Added Member To Class: ClassName=Sheet2 Member=Component out1
Added Member To Class: ClassName=Sheet2 Member=Component Q1 BC817
Added Member To Class: ClassName=Sheet2 Member=Component Q2 BC817
Added Member To Class: ClassName=Sheet2 Member=Component R1 10k
Added Member To Class: ClassName=Sheet2 Member=Component R2 120R
Added Member To Class: ClassName=Sheet2 Member=Component R3 10k
Added Member To Class: ClassName=Sheet2 Member=Component R4 1.2k
Added Member To Class: ClassName=Sheet2 Member=Component R5 1k
Added Member To Class: ClassName=Sheet2 Member=Component R6 1K
Added Member To Class: ClassName=Sheet2 Member=Component R7 100k
Added Member To Class: ClassName=Sheet2 Member=Component R8 100k
Added Member To Class: ClassName=Sheet2 Member=Component R9 1k
Added Member To Class: ClassName=Sheet2 Member=Component R10 2.2k
Added Member To Class: ClassName=Sheet2 Member=Component R11 0r
Added Member To Class: ClassName=Sheet2 Member=Component R12 1k
Added Member To Class: ClassName=Sheet2 Member=Component R13 330r
Added Member To Class: ClassName=Sheet2 Member=Component R14 330r
Added Member To Class: ClassName=Sheet2 Member=Component R15 10k
Added Member To Class: ClassName=Sheet2 Member=Component R16 20r
Added Member To Class: ClassName=Sheet2 Member=Component R17 1K
Added Member To Class: ClassName=Sheet2 Member=Component R18 10k
Added Member To Class: ClassName=Sheet2 Member=Component R20 100k
Added Member To Class: ClassName=Sheet2 Member=Component R21 100k
Added Member To Class: ClassName=Sheet2 Member=Component R22 1k
Added Member To Class: ClassName=Sheet2 Member=Component R23 1k
Added Member To Class: ClassName=Sheet2 Member=Component R24 10k
Added Member To Class: ClassName=Sheet2 Member=Component R25 10k
Added Member To Class: ClassName=Sheet2 Member=Component R26 10k
Added Member To Class: ClassName=Sheet2 Member=Component R27 10k
Added Member To Class: ClassName=Sheet2 Member=Component R28 2.2k
Added Member To Class: ClassName=Sheet2 Member=Component R29 4.7k
Added Member To Class: ClassName=Sheet2 Member=Component R30 10k
Added Member To Class: ClassName=Sheet2 Member=Component R31 1k
Added Member To Class: ClassName=Sheet2 Member=Component R32 4.7k
Added Member To Class: ClassName=Sheet2 Member=Component R33 1k
Added Member To Class: ClassName=Sheet2 Member=Component R34 4.7k
Added Member To Class: ClassName=Sheet2 Member=Component R35 1k
Added Member To Class: ClassName=Sheet2 Member=Component R36 10k
Added Member To Class: ClassName=Sheet2 Member=Component R37 2.2k
Added Member To Class: ClassName=Sheet2 Member=Component T1 PHOENIX
Add Class Member: Failed to add class member : Component U2 M08-R
