Removed Pin From Net: NetName=GND Pin=C17-2
Removed Pin From Net: NetName=GND Pin=C18-2
Removed Pin From Net: NetName=5v Pin=CN2-1
Removed Pin From Net: NetName=GND Pin=CN2-4
Removed Pin From Net: NetName=GND Pin=CN3-1
Removed Pin From Net: NetName=3.3v Pin=IC3-1
Removed Pin From Net: NetName=3.3v Pin=IC3-5
Removed Pin From Net: NetName=current Pin=IC3-7
Removed Pin From Net: NetName=RX Pin=IC3-8
Removed Pin From Net: NetName=RLY_2 Pin=IC3-11
Removed Pin From Net: NetName=GND Pin=IC3-16
Removed Pin From Net: NetName=3.3v Pin=IC3-17
Removed Pin From Net: NetName=RLY_1 Pin=IC3-18
Removed Pin From Net: NetName=pa0 Pin=IC3-22
Removed Pin From Net: NetName=WC Pin=IC3-28
Removed Pin From Net: NetName=SCL Pin=IC3-29
Removed Pin From Net: NetName=GND Pin=IC3-31
Removed Pin From Net: NetName=GND Pin=IC3-32
Removed Pin From Net: NetName=3.3v Pin=R27-2
Removed Pin From Net: NetName=3.3v Pin=R35-2
Removed Pin From Net: NetName=3.3v Pin=R36-2
Removed Pin From Net: NetName=TX Pin=R37-2
Removed Member From Class: ClassName=Sheet2 Member=CN2
Removed Member From Class: ClassName=Sheet2 Member=CN3
Removed Member From Class: ClassName=Sheet2 Member=IC4
Removed Member From Class: ClassName=Sheet2 Member=LED6
Removed Member From Class: ClassName=Sheet2 Member=LED7
Removed Member From Class: ClassName=Sheet2 Member=LED8
Removed Member From Class: ClassName=Sheet2 Member=R36
Removed Member From Class: ClassName=Sheet2 Member=R37
Change Component Footprint: Designator=Y1 Old Footprint=Xtal 2p COMBO New Footprint=Crystal SMD
Change Component Comment : Designator=Y1 Old Comment=8Mhz New Comment=12 MHz
Change Component Comment : Designator=R26 Old Comment=10k New Comment=1K
Change Component Comment : Designator=R25 Old Comment=10k New Comment=120R
Change Component Comment : Designator=C18 Old Comment=18pf New Comment=100n
Change Component Designator: OldDesignator=C1 NewDesignator=C4
Change Component Designator: OldDesignator=C2 NewDesignator=C5
Change Component Designator: OldDesignator=C3 NewDesignator=C6
Change Component Designator: OldDesignator=C4 NewDesignator=C7
Change Component Designator: OldDesignator=C5 NewDesignator=C8
Change Component Designator: OldDesignator=C6 NewDesignator=C9
Change Component Designator: OldDesignator=C7 NewDesignator=C10
Change Component Designator: OldDesignator=C8 NewDesignator=C11
Change Component Designator: OldDesignator=C9 NewDesignator=C12
Change Component Designator: OldDesignator=C10 NewDesignator=C13
Change Component Designator: OldDesignator=C11 NewDesignator=C14
Change Component Designator: OldDesignator=C12 NewDesignator=C15
Change Component Designator: OldDesignator=C13 NewDesignator=C16
Change Component Designator: OldDesignator=C14 NewDesignator=C17
Change Component Designator: OldDesignator=C15 NewDesignator=C19
Change Component Designator: OldDesignator=C16 NewDesignator=C20
Change Component Designator: OldDesignator=C19 NewDesignator=C23
Change Component Designator: OldDesignator=C20 NewDesignator=C1
Change Component Designator: OldDesignator=C21 NewDesignator=C2
Change Component Designator: OldDesignator=C22 NewDesignator=C3
Change Component Designator: OldDesignator=D5 NewDesignator=D4
Change Component Designator: OldDesignator=D6 NewDesignator=D5
Change Component Designator: OldDesignator=D7 NewDesignator=D6
Change Component Designator: OldDesignator=D8 NewDesignator=D9
Change Component Designator: OldDesignator=D9 NewDesignator=D10
Change Component Designator: OldDesignator=D10 NewDesignator=D11
Change Component Designator: OldDesignator=IC4 NewDesignator=IC3
Change Component Designator: OldDesignator=LED5 NewDesignator=LED3
Change Component Designator: OldDesignator=LED6 NewDesignator=LED4
Change Component Designator: OldDesignator=LED8 NewDesignator=LED5
Change Component Designator: OldDesignator=R12 NewDesignator=R15
Change Component Designator: OldDesignator=R13 NewDesignator=R12
Change Component Designator: OldDesignator=R14 NewDesignator=R13
Change Component Designator: OldDesignator=R15 NewDesignator=R14
Change Component Designator: OldDesignator=R28 NewDesignator=R27
Change Component Designator: OldDesignator=R29 NewDesignator=R30
Change Component Designator: OldDesignator=R30 NewDesignator=R29
Change Component Designator: OldDesignator=R32 NewDesignator=R34
Change Component Designator: OldDesignator=R34 NewDesignator=R35
Change Component Designator: OldDesignator=S1 NewDesignator=S2
Change component parameters: Designator = "Y1" ("Y1"); Footprint = "Xtal 2p COMBO"; UniqueID = "\YUVDHGGZ" ("\YUVDHGGZ")
Change component parameters (AddParameter): Name = "Category"; Value = ""; VariantName = "[No Variations]"
Change component parameters (AddParameter): Name = "Company"; Value = ""; VariantName = "[No Variations]"
Change component parameters (AddParameter): Name = "ComponentLink1Description"; Value = "Datasheet"; VariantName = "[No Variations]"
Change component parameters (AddParameter): Name = "ComponentLink1URL"; Value = ""; VariantName = "[No Variations]"
Change component parameters (AddParameter): Name = "ComponentLink2Description"; Value = "Reference"; VariantName = "[No Variations]"
Change component parameters (AddParameter): Name = "ComponentLink2URL"; Value = ""; VariantName = "[No Variations]"
Change component parameters (AddParameter): Name = "Design Date"; Value = "2017-1-3"; VariantName = "[No Variations]"
Change component parameters (AddParameter): Name = "Designer"; Value = "ABBAS BASEREH"; VariantName = "[No Variations]"
Change component parameters (AddParameter): Name = "HelpURL"; Value = ""; VariantName = "[No Variations]"
Change component parameters (AddParameter): Name = "Mounting Technology"; Value = "Surface Mount\Through-Hole"; VariantName = "[No Variations]"
Change component parameters (AddParameter): Name = "PackageDescription"; Value = ""; VariantName = "[No Variations]"
Change component parameters (AddParameter): Name = "Pin Count"; Value = ""; VariantName = "[No Variations]"
Change component parameters (AddParameter): Name = "Publisher"; Value = ""; VariantName = "[No Variations]"
Change component parameters (AddParameter): Name = "Status"; Value = "Unreleased"; VariantName = "[No Variations]"
Change component parameters (AddParameter): Name = "Value"; Value = "12 MHz"; VariantName = "[No Variations]"
Added Component: Designator=C21(CAPC3413X12N)
Add component (AddParameter): Name = "Data"; Value = "16-12-2016"; VariantName = "[No Variations]"
Add component (AddParameter): Name = "Desc."; Value = "CAP SMD 0805"; VariantName = "[No Variations]"
Add component (AddParameter): Name = "Designer"; Value = "Abbas Basereh"; VariantName = "[No Variations]"
Added Component: Designator=C22(CAPC3413X12N)
Add component (AddParameter): Name = "Data"; Value = "16-12-2016"; VariantName = "[No Variations]"
Add component (AddParameter): Name = "Desc."; Value = "CAP SMD 0805"; VariantName = "[No Variations]"
Add component (AddParameter): Name = "Designer"; Value = "Abbas Basereh"; VariantName = "[No Variations]"
Added Component: Designator=C24(CAPC3413X12N)
Add component (AddParameter): Name = "Data"; Value = "16-12-2016"; VariantName = "[No Variations]"
Add component (AddParameter): Name = "Desc."; Value = "CAP SMD 0805"; VariantName = "[No Variations]"
Add component (AddParameter): Name = "Designer"; Value = "Abbas Basereh"; VariantName = "[No Variations]"
Added Component: Designator=D7(LED5MM_BLUE)
Add component (AddParameter): Name = "Data"; Value = "16-12-2016"; VariantName = "[No Variations]"
Add component (AddParameter): Name = "Designer"; Value = "Abbas Basereh"; VariantName = "[No Variations]"
Add component (AddParameter): Name = "Link"; Value = ""; VariantName = "[No Variations]"
Add component (AddParameter): Name = "Part.No"; Value = ""; VariantName = "[No Variations]"
Added Component: Designator=D8(LED5MM_BLUE)
Add component (AddParameter): Name = "Data"; Value = "16-12-2016"; VariantName = "[No Variations]"
Add component (AddParameter): Name = "Designer"; Value = "Abbas Basereh"; VariantName = "[No Variations]"
Add component (AddParameter): Name = "Link"; Value = ""; VariantName = "[No Variations]"
Add component (AddParameter): Name = "Part.No"; Value = ""; VariantName = "[No Variations]"
Add Component: Footprint Not Found GCT_SIM5060-6-0-26-01-X_REVC
Added Component: Designator=J5(Test Point)
Add component (AddParameter): Name = "LatestRevisionDate"; Value = "17-Jul-2002"; VariantName = "[No Variations]"
Add component (AddParameter): Name = "LatestRevisionNote"; Value = "Re-released for DXP Platform."; VariantName = "[No Variations]"
Add component (AddParameter): Name = "Publisher"; Value = "Altium Limited"; VariantName = "[No Variations]"
Added Component: Designator=LD2(LED_0805 G)
Added Component: Designator=P1(HDR1X5)
Add component (AddParameter): Name = "LatestRevisionDate"; Value = "17-Jul-2002"; VariantName = "[No Variations]"
Add component (AddParameter): Name = "LatestRevisionNote"; Value = "Re-released for DXP Platform."; VariantName = "[No Variations]"
Add component (AddParameter): Name = "Publisher"; Value = "Altium Limited"; VariantName = "[No Variations]"
Added Component: Designator=P2(HDR1X3)
Add component (AddParameter): Name = "LatestRevisionDate"; Value = "17-Jul-2002"; VariantName = "[No Variations]"
Add component (AddParameter): Name = "LatestRevisionNote"; Value = "Re-released for DXP Platform."; VariantName = "[No Variations]"
Add component (AddParameter): Name = "Publisher"; Value = "Altium Limited"; VariantName = "[No Variations]"
Added Component: Designator=R28(RESC3413X04N)
Add component (AddParameter): Name = "Data"; Value = "16-12-2016"; VariantName = "[No Variations]"
Add component (AddParameter): Name = "Desc."; Value = "RES SMD 0805"; VariantName = "[No Variations]"
Add component (AddParameter): Name = "Designer"; Value = "Abbas Basereh"; VariantName = "[No Variations]"
Added Component: Designator=R32(RESC3413X04N)
Add component (AddParameter): Name = "Data"; Value = "16-12-2016"; VariantName = "[No Variations]"
Add component (AddParameter): Name = "Desc."; Value = "RES SMD 0805"; VariantName = "[No Variations]"
Add component (AddParameter): Name = "Designer"; Value = "Abbas Basereh"; VariantName = "[No Variations]"
Added Component: Designator=S1(Switch - Push to On)
Added Component: Designator=S3(Switch - Push to On)
Added Component: Designator=S4(Switch - Push to On)
Added Component: Designator=U2(XCVR_M08-R)
Add component (AddParameter): Name = "Availability"; Value = "Unavailable"; VariantName = "[No Variations]"
Add component (AddParameter): Name = "MF"; Value = ""; VariantName = "[No Variations]"
Add component (AddParameter): Name = "MP"; Value = "M08-R"; VariantName = "[No Variations]"
Add component (AddParameter): Name = "Package"; Value = "None"; VariantName = "[No Variations]"
Add component (AddParameter): Name = "Price"; Value = "None"; VariantName = "[No Variations]"
Add component (AddParameter): Name = "Value"; Value = ""; VariantName = "[No Variations]"
Added Component: Designator=U3(QFP50P900X900X160-48N)
Add component (AddParameter): Name = "Check_prices"; Value = "https://www.snapeda.com/parts/STM32F103C8T6/STMicroelectronics/view-part/?ref=eda"; VariantName = "[No Variations]"
Add component (AddParameter): Name = "MF"; Value = "STMicroelectronics"; VariantName = "[No Variations]"
Add component (AddParameter): Name = "MP"; Value = "STM32F103C8T6"; VariantName = "[No Variations]"
Add component (AddParameter): Name = "Package"; Value = "LQFP-48 STMicroelectronics"; VariantName = "[No Variations]"
Add component (AddParameter): Name = "SnapEDA_Link"; Value = "https://www.snapeda.com/parts/STM32F103C8T6/STMicroelectronics/view-part/?ref=snap"; VariantName = "[No Variations]"
Add component (AddParameter): Name = "Value"; Value = ""; VariantName = "[No Variations]"
Added Pin To Net: NetName=GND Pin=C18-1
Added Pin To Net: NetName=GND Pin=C21-1
Added Pin To Net: NetName=3.3v Pin=C21-2
Added Pin To Net: NetName=GND Pin=C22-1
Added Pin To Net: NetName=GND Pin=C24-1
Add Pin To Net: Unknown Pin: Pin J1-C1
Add Pin To Net: Unknown Pin: Pin J1-C2
Add Pin To Net: Unknown Pin: Pin J1-C3
Add Pin To Net: Unknown Pin: Pin J1-C5
Add Pin To Net: Unknown Pin: Pin J1-C7
Added Pin To Net: NetName=GND Pin=LD2-1
Added Pin To Net: NetName=GND Pin=LD2-2
Added Pin To Net: NetName=3.3v Pin=P1-1
Added Pin To Net: NetName=GND Pin=P1-5
Added Pin To Net: NetName=GND Pin=P2-1
Added Pin To Net: NetName=3.3v Pin=R28-2
Added Pin To Net: NetName=TX Pin=R32-2
Added Pin To Net: NetName=GND Pin=S1-1
Added Pin To Net: NetName=GND Pin=S1-1
Added Pin To Net: NetName=NetD3_1 Pin=S1-2
Added Pin To Net: NetName=NetD3_1 Pin=S1-2
Added Pin To Net: NetName=GND Pin=S3-1
Added Pin To Net: NetName=GND Pin=S3-1
Added Pin To Net: NetName=NetD8_1 Pin=S3-2
Added Pin To Net: NetName=NetD8_1 Pin=S3-2
Added Pin To Net: NetName=GND Pin=S4-1
Added Pin To Net: NetName=GND Pin=S4-1
Added Pin To Net: NetName=TX Pin=U2-1
Added Pin To Net: NetName=RX Pin=U2-2
Added Pin To Net: NetName=GND Pin=U2-8
Added Pin To Net: NetName=GND Pin=U2-13
Added Pin To Net: NetName=SIM_IO Pin=U2-15
Added Pin To Net: NetName=SIM_CLK Pin=U2-16
Added Pin To Net: NetName=SIM_RST Pin=U2-17
Added Pin To Net: NetName=V_SIM Pin=U2-18
Added Pin To Net: NetName=G_SIM Pin=U2-19
Added Pin To Net: NetName=GND Pin=U2-21
Added Pin To Net: NetName=GND Pin=U2-27
Added Pin To Net: NetName=GND Pin=U2-30
Added Pin To Net: NetName=GND Pin=U2-31
Added Pin To Net: NetName=NetANT1_1 Pin=U2-32
Added Pin To Net: NetName=GND Pin=U2-33
Added Pin To Net: NetName=5v Pin=U2-34
Added Pin To Net: NetName=5v Pin=U2-35
Added Pin To Net: NetName=GND Pin=U2-36
Added Pin To Net: NetName=GND Pin=U2-37
Added Pin To Net: NetName=NetQ3_3 Pin=U2-39
Added Pin To Net: NetName=NetR33_1 Pin=U2-41
Added Pin To Net: NetName=GND Pin=U3-8
Added Pin To Net: NetName=3.3v Pin=U3-9
Added Pin To Net: NetName=pa0 Pin=U3-10
Added Pin To Net: NetName=current Pin=U3-11
Added Pin To Net: NetName=RX Pin=U3-12
Added Pin To Net: NetName=RLY_1 Pin=U3-15
Added Pin To Net: NetName=RLY_2 Pin=U3-16
Added Pin To Net: NetName=GND Pin=U3-23
Added Pin To Net: NetName=3.3v Pin=U3-24
Added Pin To Net: NetName=GND Pin=U3-35
Added Pin To Net: NetName=3.3v Pin=U3-36
Added Pin To Net: NetName=WC Pin=U3-41
Added Pin To Net: NetName=SCL Pin=U3-42
Added Pin To Net: NetName=GND Pin=U3-44
Added Pin To Net: NetName=GND Pin=U3-47
Added Pin To Net: NetName=3.3v Pin=U3-48
Change Net Name : Old Net Name=NetC9_1 New Net Name=NetC12_1
Change Net Name : Old Net Name=NetC11_1 New Net Name=NetC14_1
Change Net Name : Old Net Name=NetC12_2 New Net Name=NetC15_2
Change Net Name : Old Net Name=NetC13_2 New Net Name=NetC16_2
Change Net Name : Old Net Name=NetD5_1 New Net Name=NetD4_1
Change Net Name : Old Net Name=NetD8_1 New Net Name=NetD9_1
Change Net Name : Old Net Name=NetD9_2 New Net Name=NetD10_2
Change Net Name : Old Net Name=NetLED5_2 New Net Name=NetLED3_2
Change Net Name : Old Net Name=NetLED6_1 New Net Name=NetLED4_1
Change Net Name : Old Net Name=NetLED8_2 New Net Name=NetLED5_2
Added Pin To Net: NetName=CLK Pin=P1-3
Added Pin To Net: NetName=CLK Pin=U3-37
Added Net: Name=CLK
Added Pin To Net: NetName=DIO Pin=P1-4
Added Pin To Net: NetName=DIO Pin=U3-34
Added Net: Name=DIO
Added Pin To Net: NetName=NetC22_2 Pin=C22-2
Added Pin To Net: NetName=NetC22_2 Pin=U3-5
Added Pin To Net: NetName=NetC22_2 Pin=Y1-2
Added Net: Name=NetC22_2
Added Pin To Net: NetName=NetC24_2 Pin=C24-2
Added Pin To Net: NetName=NetC24_2 Pin=U3-6
Added Pin To Net: NetName=NetC24_2 Pin=Y1-1
Added Net: Name=NetC24_2
Added Pin To Net: NetName=NetD7_1 Pin=D7-1
Added Pin To Net: NetName=NetD7_1 Pin=R7-2
Added Net: Name=NetD7_1
Added Pin To Net: NetName=NetD7_2 Pin=D7-2
Added Pin To Net: NetName=NetD7_2 Pin=R20-1
Added Net: Name=NetD7_2
Added Pin To Net: NetName=NetD8_1 Pin=D8-1
Added Pin To Net: NetName=NetD8_1 Pin=R8-2
Added Net: Name=NetD8_1
Added Pin To Net: NetName=NetD8_2 Pin=D8-2
Added Pin To Net: NetName=NetD8_2 Pin=R21-1
Added Net: Name=NetD8_2
Added Pin To Net: NetName=NetP2_2 Pin=P2-2
Added Pin To Net: NetName=NetP2_2 Pin=U3-32
Added Net: Name=NetP2_2
Added Pin To Net: NetName=NetP2_3 Pin=P2-3
Added Pin To Net: NetName=NetP2_3 Pin=U3-31
Added Net: Name=NetP2_3
Added Pin To Net: NetName=NetR28_1 Pin=R28-1
Added Pin To Net: NetName=NetR28_1 Pin=R32-1
Added Pin To Net: NetName=NetR28_1 Pin=U3-13
Added Net: Name=NetR28_1
Added Pin To Net: NetName=ON_Queqtel Pin=R27-2
Added Pin To Net: NetName=ON_Queqtel Pin=U3-22
Added Net: Name=ON_Queqtel
Added Pin To Net: NetName=PC13 Pin=R25-1
Added Pin To Net: NetName=PC13 Pin=U3-2
Added Net: Name=PC13
Added Pin To Net: NetName=RI Pin=R31-1
Added Pin To Net: NetName=RI Pin=U2-7
Added Pin To Net: NetName=RI Pin=U3-25
Added Net: Name=RI
Added Pin To Net: NetName=RST Pin=C18-2
Added Pin To Net: NetName=RST Pin=P1-2
Added Pin To Net: NetName=RST Pin=R26-1
Added Pin To Net: NetName=RST Pin=S4-2
Added Pin To Net: NetName=RST Pin=S4-2
Added Pin To Net: NetName=RST Pin=U3-7
Added Net: Name=RST
Added Pin To Net: NetName=SDA Pin=IC3-5
Added Pin To Net: NetName=SDA Pin=R35-1
Added Pin To Net: NetName=SDA Pin=U3-43
Added Net: Name=SDA
Added Member To Class: ClassName=Sheet2 Member=Component C23 100N
Added Member To Class: ClassName=Sheet2 Member=Component C24 100nf
Added Member To Class: ClassName=Sheet2 Member=Component D7 LED5MM
Added Member To Class: ClassName=Sheet2 Member=Component D11 1N4148UR-1
Add Class Member: Failed to add class member : Component J1 SIM5060-6-0-26-01-X_REVC
Added Member To Class: ClassName=Sheet2 Member=Component J5 Socket
Added Member To Class: ClassName=Sheet2 Member=Component LD2 SMD LED
Added Member To Class: ClassName=Sheet2 Member=Component P1 Header 5
Added Member To Class: ClassName=Sheet2 Member=Component P2 Header 3
Added Member To Class: ClassName=Sheet2 Member=Component S2 Switch SPDT_Subminiator
Added Member To Class: ClassName=Sheet2 Member=Component S3 Switch PB
Added Member To Class: ClassName=Sheet2 Member=Component S4 Switch PB
Added Member To Class: ClassName=Sheet2 Member=Component U2 M08-R
Added Member To Class: ClassName=Sheet2 Member=Component U3 STM32F103C8T6
