Removed Pin From Net: NetName=GND Pin=S1-1
Removed Pin From Net: NetName=GND Pin=S1-1
Removed Pin From Net: NetName=NetD3_1 Pin=S1-2
Removed Pin From Net: NetName=NetD3_1 Pin=S1-2
Removed Pin From Net: NetName=GND Pin=S3-1
Removed Pin From Net: NetName=GND Pin=S3-1
Removed Pin From Net: NetName=NetD9_1 Pin=S3-2
Removed Pin From Net: NetName=NetD9_1 Pin=S3-2
Removed Member From Class: ClassName=Sheet2 Member=S1
Removed Member From Class: ClassName=Sheet2 Member=S3
Added Component: Designator=battery?(HDR1X2)
Add component (AddParameter): Name = "LatestRevisionDate"; Value = "17-Jul-2002"; VariantName = "[No Variations]"
Add component (AddParameter): Name = "LatestRevisionNote"; Value = "Re-released for DXP Platform."; VariantName = "[No Variations]"
Add component (AddParameter): Name = "Publisher"; Value = "Altium Limited"; VariantName = "[No Variations]"
Added Component: Designator=battery?(HDR1X2)
Add component (AddParameter): Name = "LatestRevisionDate"; Value = "17-Jul-2002"; VariantName = "[No Variations]"
Add component (AddParameter): Name = "LatestRevisionNote"; Value = "Re-released for DXP Platform."; VariantName = "[No Variations]"
Add component (AddParameter): Name = "Publisher"; Value = "Altium Limited"; VariantName = "[No Variations]"
Added Pin To Net: NetName=GND Pin=battery?-1
Added Pin To Net: NetName=GND Pin=battery?-1
Added Pin To Net: NetName=NetD3_1 Pin=battery?-2
Added Pin To Net: NetName=NetD9_1 Pin=battery?-2
Change Net Name : Old Net Name=NetD3_1 New Net Name=Netbattery?_2
Change Net Name : Old Net Name=NetD9_1 New Net Name=Netbattery?_2
Added Member To Class: ClassName=Sheet2 Member=Component battery? Header 2
Added Member To Class: ClassName=Sheet2 Member=Component battery? Header 2
Added Member To Class: ClassName=Sheet2 Member=Component R? 1K
