Change Component Designator: Old Designator=C9 New Designator=C12
Change Component Designator: Old Designator=C10 New Designator=C13
Change Component Designator: Old Designator=C11 New Designator=C14
Change Component Designator: Old Designator=C12 New Designator=C15
Change Component Designator: Old Designator=C13 New Designator=C16
Change Component Designator: Old Designator=C14 New Designator=C17
Change Component Designator: Old Designator=C15 New Designator=C18
Change Component Designator: Old Designator=C16 New Designator=C19
Change Component Designator: Old Designator=C17 New Designator=C20
Change Component Designator: Old Designator=C18 New Designator=C21
Change Component Designator: Old Designator=C19 New Designator=C22
Change Component Designator: Old Designator=C20 New Designator=C23
Change Component Designator: Old Designator=C21 New Designator=C24
Change Component Designator: Old Designator=C22 New Designator=C25
Change Component Designator: Old Designator=C23 New Designator=C26
Change Component Designator: Old Designator=C24 New Designator=C27
Change Component Designator: Old Designator=C25 New Designator=C28
Change Component Designator: Old Designator=C? New Designator=C9
Change Component Designator: Old Designator=C? New Designator=C10
Change Component Designator: Old Designator=C? New Designator=C11
Change Component Designator: Old Designator=D7 New Designator=D6
Change Component Designator: Old Designator=D8 New Designator=D7
Change Component Designator: Old Designator=D9 New Designator=D8
Change Component Designator: Old Designator=R29 New Designator=R33
Change Component Designator: Old Designator=R30 New Designator=R34
Change Component Designator: Old Designator=R31 New Designator=R35
Change Component Designator: Old Designator=R32 New Designator=R36
Change Component Designator: Old Designator=R33 New Designator=R37
Change Component Designator: Old Designator=R34 New Designator=R38
Change Component Designator: Old Designator=R35 New Designator=R39
Change Component Designator: Old Designator=R36 New Designator=R40
Change Component Designator: Old Designator=R37 New Designator=R41
Change Component Designator: Old Designator=R38 New Designator=R42
Change Component Designator: Old Designator=R39 New Designator=R43
Change Component Designator: Old Designator=R? New Designator=R29
Change Component Designator: Old Designator=R? New Designator=R30
Change Component Designator: Old Designator=R? New Designator=R31
Change Component Designator: Old Designator=R? New Designator=R32
Change Component Designator: Old Designator=Y? New Designator=Y1
