Change Component Designator: Old Designator=Buzzer New Designator=Buzzer1
Change Component Designator: Old Designator=cs2 New Designator=cs1
Change Component Designator: Old Designator=D? New Designator=D2
Change Component Designator: Old Designator=Out12V New Designator=Out3
Change Component Designator: Old Designator=Q3 New Designator=Q6
Change Component Designator: Old Designator=Q? New Designator=Q3
Change Component Designator: Old Designator=Q? New Designator=Q4
Change Component Designator: Old Designator=Q? New Designator=Q5
Change Component Designator: Old Designator=R25 New Designator=R29
Change Component Designator: Old Designator=R28 New Designator=R30
Change Component Designator: Old Designator=R29 New Designator=R31
Change Component Designator: Old Designator=R30 New Designator=R36
Change Component Designator: Old Designator=R31 New Designator=R32
Change Component Designator: Old Designator=R32 New Designator=R33
Change Component Designator: Old Designator=R33 New Designator=R34
Change Component Designator: Old Designator=R34 New Designator=R35
Change Component Designator: Old Designator=R35 New Designator=R37
Change Component Designator: Old Designator=R36 New Designator=R38
Change Component Designator: Old Designator=R37 New Designator=R39
Change Component Designator: Old Designator=R? New Designator=R25
Change Component Designator: Old Designator=R? New Designator=R26
Change Component Designator: Old Designator=R? New Designator=R27
Change Component Designator: Old Designator=R? New Designator=R28
